d:\project\c++\c++作业\mfc\tetris\tetris\debug\vc141.pdb
d:\project\c++\c++作业\mfc\tetris\tetris\debug\box.obj
d:\project\c++\c++作业\mfc\tetris\tetris\debug\tetrisdlg.obj
d:\project\c++\c++作业\mfc\tetris\tetris\debug\tetris.obj
d:\project\c++\c++作业\mfc\tetris\tetris\debug\pch.obj
d:\project\c++\c++作业\mfc\tetris\tetris\debug\game.obj
d:\project\c++\c++作业\mfc\tetris\debug\tetris.exe
d:\project\c++\c++作业\mfc\tetris\debug\tetris.ilk
d:\project\c++\c++作业\mfc\tetris\debug\tetris.pdb
d:\project\c++\c++作业\mfc\tetris\tetris\debug\tetris.res
d:\project\c++\c++作业\mfc\tetris\tetris\debug\tetris.tlog\cl.command.1.tlog
d:\project\c++\c++作业\mfc\tetris\tetris\debug\tetris.tlog\cl.read.1.tlog
d:\project\c++\c++作业\mfc\tetris\tetris\debug\tetris.tlog\cl.write.1.tlog
d:\project\c++\c++作业\mfc\tetris\tetris\debug\tetris.tlog\link.24484.delete.1.tlog
d:\project\c++\c++作业\mfc\tetris\tetris\debug\tetris.tlog\link.26860.delete.1.tlog
d:\project\c++\c++作业\mfc\tetris\tetris\debug\tetris.tlog\link.command.1.tlog
d:\project\c++\c++作业\mfc\tetris\tetris\debug\tetris.tlog\link.read.1.tlog
d:\project\c++\c++作业\mfc\tetris\tetris\debug\tetris.tlog\link.write.1.tlog
d:\project\c++\c++作业\mfc\tetris\tetris\debug\tetris.tlog\rc.command.1.tlog
d:\project\c++\c++作业\mfc\tetris\tetris\debug\tetris.tlog\rc.read.1.tlog
d:\project\c++\c++作业\mfc\tetris\tetris\debug\tetris.tlog\rc.write.1.tlog
